08-06-2020 21:58:43 INFO StatCollector.Users: 822  
08-06-2020 21:58:43 INFO StatCollector.Number of nodes: 5003626  
08-06-2020 21:58:43 INFO StatCollector.User xscvxc - 2007636 edits  
08-06-2020 21:58:43 INFO StatCollector.User Miroff - 560397 edits  
08-06-2020 21:58:43 INFO StatCollector.User siberiano - 437169 edits  
08-06-2020 21:58:43 INFO StatCollector.User msergeyv100 - 289886 edits  
08-06-2020 21:58:43 INFO StatCollector.User vitstud54 - 117943 edits  
08-06-2020 21:58:43 INFO StatCollector.User Kaylee - 99496 edits  
08-06-2020 21:58:43 INFO StatCollector.User AndreySmirnov - 98782 edits  
08-06-2020 21:58:43 INFO StatCollector.User whalerich - 98085 edits  
08-06-2020 21:58:43 INFO StatCollector.User Pavel Melnikov - 96682 edits  
08-06-2020 21:58:43 INFO StatCollector.User Sherper - 94297 edits  
08-06-2020 21:58:43 INFO StatCollector.User demon_h - 83398 edits  
08-06-2020 21:58:43 INFO StatCollector.User Guamo - 64594 edits  
08-06-2020 21:58:43 INFO StatCollector.User A54 - 59169 edits  
08-06-2020 21:58:43 INFO StatCollector.User Antonio_92 - 52100 edits  
08-06-2020 21:58:43 INFO StatCollector.User koSS_Rus - 44288 edits  
08-06-2020 21:58:43 INFO StatCollector.User oo-O-oo - 42525 edits  
08-06-2020 21:58:43 INFO StatCollector.User ONT - 42140 edits  
08-06-2020 21:58:43 INFO StatCollector.User Magomogo - 40047 edits  
08-06-2020 21:58:43 INFO StatCollector.User yohanson - 32299 edits  
08-06-2020 21:58:43 INFO StatCollector.User alex_hitman - 27111 edits  
08-06-2020 21:58:43 INFO StatCollector.User mike_lyulyukin - 26617 edits  
08-06-2020 21:58:43 INFO StatCollector.User maximaximax - 26483 edits  
08-06-2020 21:58:43 INFO StatCollector.User Географ - 25684 edits  
08-06-2020 21:58:43 INFO StatCollector.User velonavt - 24862 edits  
08-06-2020 21:58:43 INFO StatCollector.User MAS - 21968 edits  
08-06-2020 21:58:43 INFO StatCollector.User rockcreek - 20625 edits  
08-06-2020 21:58:43 INFO StatCollector.User Павел Яринюк - 20196 edits  
08-06-2020 21:58:43 INFO StatCollector.User VlIvYur - 19263 edits  
08-06-2020 21:58:43 INFO StatCollector.User katpatuka - 18048 edits  
08-06-2020 21:58:43 INFO StatCollector.User Nikolaev - 17003 edits  
08-06-2020 21:58:43 INFO StatCollector.User ilya3l - 16176 edits  
08-06-2020 21:58:43 INFO StatCollector.User pruosm - 14967 edits  
08-06-2020 21:58:43 INFO StatCollector.User ImmortAlex - 13316 edits  
08-06-2020 21:58:43 INFO StatCollector.User Ratty - 12512 edits  
08-06-2020 21:58:43 INFO StatCollector.User serhod - 12436 edits  
08-06-2020 21:58:43 INFO StatCollector.User afonin - 12367 edits  
08-06-2020 21:58:43 INFO StatCollector.User ThaJk - 11919 edits  
08-06-2020 21:58:43 INFO StatCollector.User vanomel - 11102 edits  
08-06-2020 21:58:43 INFO StatCollector.User Karaban2008 - 10727 edits  
08-06-2020 21:58:43 INFO StatCollector.User andrewK - 10010 edits  
08-06-2020 21:58:43 INFO StatCollector.User malic - 10002 edits  
08-06-2020 21:58:43 INFO StatCollector.User Басмач - 9445 edits  
08-06-2020 21:58:43 INFO StatCollector.User vanchester - 6418 edits  
08-06-2020 21:58:43 INFO StatCollector.User SunWind1076 - 6052 edits  
08-06-2020 21:58:43 INFO StatCollector.User F1ex - 6023 edits  
08-06-2020 21:58:43 INFO StatCollector.User PARKER1979 - 5813 edits  
08-06-2020 21:58:43 INFO StatCollector.User Vodila_55 - 5512 edits  
08-06-2020 21:58:43 INFO StatCollector.User Takuto - 5322 edits  
08-06-2020 21:58:43 INFO StatCollector.User usama - 5285 edits  
08-06-2020 21:58:43 INFO StatCollector.User ordorub - 5229 edits  
08-06-2020 21:58:43 INFO StatCollector.Uid 605402 - 2007636 marks  
08-06-2020 21:58:43 INFO StatCollector.Uid 217899 - 560397 marks  
08-06-2020 21:58:43 INFO StatCollector.Uid 237049 - 437169 marks  
08-06-2020 21:58:43 INFO StatCollector.Uid 920923 - 289886 marks  
08-06-2020 21:58:43 INFO StatCollector.Uid 939593 - 117943 marks  
08-06-2020 21:58:43 INFO StatCollector.Uid 233726 - 99496 marks  
08-06-2020 21:58:43 INFO StatCollector.Uid 241798 - 98782 marks  
08-06-2020 21:58:43 INFO StatCollector.Uid 183878 - 98085 marks  
08-06-2020 21:58:43 INFO StatCollector.Uid 317862 - 96682 marks  
08-06-2020 21:58:43 INFO StatCollector.Uid 421358 - 94297 marks  
08-06-2020 21:58:43 INFO StatCollector.Uid 375804 - 83398 marks  
08-06-2020 21:58:43 INFO StatCollector.Uid 457993 - 64594 marks  
08-06-2020 21:58:43 INFO StatCollector.Uid 1238562 - 59169 marks  
08-06-2020 21:58:43 INFO StatCollector.Uid 1195876 - 52100 marks  
08-06-2020 21:58:43 INFO StatCollector.Uid 1219486 - 44288 marks  
08-06-2020 21:58:43 INFO StatCollector.Uid 395715 - 42525 marks  
08-06-2020 21:58:43 INFO StatCollector.Uid 330249 - 42140 marks  
08-06-2020 21:58:43 INFO StatCollector.Uid 237045 - 40047 marks  
08-06-2020 21:58:43 INFO StatCollector.Uid 419186 - 35130 marks  
08-06-2020 21:58:43 INFO StatCollector.Uid 53468 - 32299 marks  
08-06-2020 21:58:43 INFO StatCollector.Uid 542925 - 27111 marks  
08-06-2020 21:58:43 INFO StatCollector.Uid 651147 - 26617 marks  
08-06-2020 21:58:43 INFO StatCollector.Uid 22423 - 26483 marks  
08-06-2020 21:58:43 INFO StatCollector.Uid 240861 - 24862 marks  
08-06-2020 21:58:43 INFO StatCollector.Uid 172091 - 21968 marks  
08-06-2020 21:58:43 INFO StatCollector.Uid 52015 - 20625 marks  
08-06-2020 21:58:43 INFO StatCollector.Uid 591962 - 20196 marks  
08-06-2020 21:58:43 INFO StatCollector.Uid 345975 - 19263 marks  
08-06-2020 21:58:43 INFO StatCollector.Uid 17497 - 18048 marks  
08-06-2020 21:58:43 INFO StatCollector.Uid 531131 - 17003 marks  
08-06-2020 21:58:43 INFO StatCollector.Uid 1240079 - 16176 marks  
08-06-2020 21:58:43 INFO StatCollector.Uid 755460 - 14967 marks  
08-06-2020 21:58:43 INFO StatCollector.Uid 215962 - 13316 marks  
08-06-2020 21:58:43 INFO StatCollector.Uid 34654 - 12512 marks  
08-06-2020 21:58:43 INFO StatCollector.Uid 1108542 - 12436 marks  
08-06-2020 21:58:43 INFO StatCollector.Uid 22108 - 12367 marks  
08-06-2020 21:58:43 INFO StatCollector.Uid 644525 - 11919 marks  
08-06-2020 21:58:43 INFO StatCollector.Uid 118601 - 11102 marks  
08-06-2020 21:58:43 INFO StatCollector.Uid 513154 - 10727 marks  
08-06-2020 21:58:43 INFO StatCollector.Uid 453464 - 10010 marks  
08-06-2020 21:58:43 INFO StatCollector.Uid 585683 - 10002 marks  
08-06-2020 21:58:43 INFO StatCollector.Uid 624271 - 6617 marks  
08-06-2020 21:58:43 INFO StatCollector.Uid 522839 - 6418 marks  
08-06-2020 21:58:43 INFO StatCollector.Uid 546196 - 6052 marks  
08-06-2020 21:58:43 INFO StatCollector.Uid 2747740 - 6023 marks  
08-06-2020 21:58:43 INFO StatCollector.Uid 752798 - 5813 marks  
08-06-2020 21:58:43 INFO StatCollector.Uid 1089262 - 5512 marks  
08-06-2020 21:58:43 INFO StatCollector.Uid 383200 - 5322 marks  
08-06-2020 21:58:43 INFO StatCollector.Uid 430726 - 5285 marks  
08-06-2020 21:58:43 INFO StatCollector.Uid 357784 - 5229 marks  
